================================================================================
== Profile: REAL-TIME, CPU-freq = 0.00 GHz
                                                          Calls Real-Time  Parent 
                                                                   (secs) fraction

    <zixl_543IiP35>~_zixl                                                1 37890697740.0 (100.0%)
  zixl_z57-ZAiL~_zixl                                                    1 37890697740.0         
    zixl_iSe2-4IPr155~_zixl                                              1 4148996088.0 ( 10.9%)
      zixl_tP42-1eAyPIA2iPL~_zixl                                        1 2020861662.0 ( 48.7%)
        zixl_tP42-ZAiL~_zixl                                             1 1419625992.0 ( 70.2%)
          zixl_bgV-NIAL5eA2iPL~_zixl                                     1 527084517.0 ( 37.1%)
            zixl_V91rdrP41 [R]~_zixl                                   327 209326571.0 ( 39.7%)
            zixl_iSe2-2IAL5eA21-tePq~_zixl                              12 91919759.0 ( 17.4%)
              zixl_2IAL5eA2iLq~_zixl                                    12 90561887.0 ( 98.5%)
                zixl_2IAL5eA21-tePq~_zixl                               12 10194399.0 ( 11.3%)
                <zixl_I152>~_zixl                                          80091857.0 ( 88.4%)
              <zixl_I152>~_zixl                                            1357872.0 (  1.5%)
            <zixl_I152>~_zixl                                              225838187.0 ( 42.8%)
          zixl_eiL2-4I1-1eAy-rAeeyAr8~_zixl                             12 122229158.0 (  8.6%)
            zixl_V91rdrP41 [E]~_zixl                                    11 1596432.0 (  1.3%)
            <zixl_I152>~_zixl                                              120632726.0 ( 98.7%)
          <zixl_I152>~_zixl                                                768921316.0 ( 54.2%)
        <zixl_I152>~_zixl                                                  601235670.0 ( 29.8%)
      zixl_bgV-I152PI1-UPI8-ZA44iLq~_zixl                                1 709002321.0 ( 17.1%)
      zixl_5At1-tP42-SA2A~_zixl                                          1 115035510.0 (  2.8%)
        zixl_iSe2-5At1~_zixl                                             1 115018449.0 (100.0%)
          zixl_42-5At1~_zixl                                            12 105168933.0 ( 91.4%)
          zixl_iSe2-32q-5At1~_zixl                                       1 6054096.0 (  5.3%)
          <zixl_I152>~_zixl                                                2768538.0 (  2.4%)
      <zixl_I152>~_zixl                                                    1279223848.0 ( 30.8%)
    <zixl_I152>~_zixl                                                      33741655188.0 ( 89.0%)


================================================================================
== Profile: PEAK-MEMORY, CPU-freq = 0.00 GHz
                                                          Calls   Peak-Mb         
                                                                                  

